<?xml version="1.0" encoding="UTF-8"?>
<coverage generated="1784056724570" clover="3.2.0">
  <project timestamp="1784056724570" name="All files">
    <metrics statements="30" coveredstatements="29" conditionals="8" coveredconditionals="6" methods="18" coveredmethods="18" elements="56" coveredelements="53" complexity="0" loc="30" ncloc="30" packages="1" files="1" classes="1"/>
    <file name="app.ts" path="C:\Users\Oday\Documents\SE2\src\app.ts">
      <metrics statements="30" coveredstatements="29" conditionals="8" coveredconditionals="6" methods="18" coveredmethods="18"/>
      <line num="9" count="1" type="stmt"/>
      <line num="11" count="4" type="stmt"/>
      <line num="12" count="4" type="stmt"/>
      <line num="16" count="2" type="stmt"/>
      <line num="19" count="6" type="stmt"/>
      <line num="20" count="6" type="stmt"/>
      <line num="21" count="6" type="stmt"/>
      <line num="24" count="2" type="stmt"/>
      <line num="28" count="1" type="stmt"/>
      <line num="32" count="1" type="stmt"/>
      <line num="36" count="1" type="stmt"/>
      <line num="38" count="1" type="stmt"/>
      <line num="39" count="1" type="stmt"/>
      <line num="52" count="1" type="stmt"/>
      <line num="53" count="4" type="stmt"/>
      <line num="60" count="18" type="stmt"/>
      <line num="64" count="1" type="stmt"/>
      <line num="65" count="1" type="stmt"/>
      <line num="77" count="1" type="stmt"/>
      <line num="80" count="6" type="cond" truecount="1" falsecount="1"/>
      <line num="81" count="0" type="stmt"/>
      <line num="87" count="1" type="stmt"/>
      <line num="89" count="7" type="cond" truecount="2" falsecount="0"/>
      <line num="90" count="1" type="stmt"/>
      <line num="94" count="1" type="stmt"/>
      <line num="96" count="7" type="cond" truecount="2" falsecount="0"/>
      <line num="97" count="1" type="stmt"/>
      <line num="107" count="1" type="stmt"/>
      <line num="109" count="8" type="stmt"/>
      <line num="114" count="2" type="cond" truecount="1" falsecount="1"/>
    </file>
  </project>
</coverage>
