{"C:\\Users\\Oday\\Documents\\SE2\\src\\app.ts": {"path":"C:\\Users\\Oday\\Documents\\SE2\\src\\app.ts","statementMap":{"0":{"start":{"line":12,"column":24},"end":{"line":12,"column":46}},"1":{"start":{"line":12,"column":56},"end":{"line":12,"column":80}},"2":{"start":{"line":11,"column":12},"end":{"line":11,"column":33}},"3":{"start":{"line":16,"column":8},"end":{"line":16,"column":27}},"4":{"start":{"line":19,"column":29},"end":{"line":19,"column":69}},"5":{"start":{"line":20,"column":8},"end":{"line":20,"column":39}},"6":{"start":{"line":21,"column":8},"end":{"line":21,"column":32}},"7":{"start":{"line":24,"column":8},"end":{"line":24,"column":63}},"8":{"start":{"line":24,"column":46},"end":{"line":24,"column":61}},"9":{"start":{"line":28,"column":8},"end":{"line":28,"column":55}},"10":{"start":{"line":32,"column":8},"end":{"line":32,"column":63}},"11":{"start":{"line":9,"column":0},"end":{"line":9,"column":13}},"12":{"start":{"line":38,"column":8},"end":{"line":38,"column":58}},"13":{"start":{"line":39,"column":8},"end":{"line":39,"column":34}},"14":{"start":{"line":36,"column":0},"end":{"line":36,"column":13}},"15":{"start":{"line":53,"column":10},"end":{"line":57,"column":4}},"16":{"start":{"line":60,"column":4},"end":{"line":60,"column":53}},"17":{"start":{"line":60,"column":31},"end":{"line":60,"column":51}},"18":{"start":{"line":52,"column":0},"end":{"line":52,"column":13}},"19":{"start":{"line":77,"column":6},"end":{"line":77,"column":41}},"20":{"start":{"line":80,"column":4},"end":{"line":84,"column":5}},"21":{"start":{"line":81,"column":6},"end":{"line":83,"column":8}},"22":{"start":{"line":64,"column":0},"end":{"line":64,"column":13}},"23":{"start":{"line":65,"column":17},"end":{"line":74,"column":4}},"24":{"start":{"line":89,"column":8},"end":{"line":91,"column":9}},"25":{"start":{"line":90,"column":12},"end":{"line":90,"column":63}},"26":{"start":{"line":87,"column":0},"end":{"line":87,"column":13}},"27":{"start":{"line":96,"column":8},"end":{"line":98,"column":9}},"28":{"start":{"line":97,"column":12},"end":{"line":97,"column":59}},"29":{"start":{"line":94,"column":0},"end":{"line":94,"column":13}},"30":{"start":{"line":109,"column":8},"end":{"line":109,"column":72}},"31":{"start":{"line":109,"column":48},"end":{"line":109,"column":67}},"32":{"start":{"line":114,"column":8},"end":{"line":114,"column":78}},"33":{"start":{"line":107,"column":0},"end":{"line":107,"column":13}}},"fnMap":{"0":{"name":"(anonymous_0)","decl":{"start":{"line":12,"column":4},"end":{"line":12,"column":24}},"loc":{"start":{"line":12,"column":80},"end":{"line":14,"column":5}}},"1":{"name":"(anonymous_1)","decl":{"start":{"line":15,"column":4},"end":{"line":15,"column":13}},"loc":{"start":{"line":15,"column":13},"end":{"line":17,"column":5}}},"2":{"name":"(anonymous_2)","decl":{"start":{"line":18,"column":4},"end":{"line":18,"column":12}},"loc":{"start":{"line":18,"column":37},"end":{"line":22,"column":5}}},"3":{"name":"(anonymous_3)","decl":{"start":{"line":23,"column":4},"end":{"line":23,"column":12}},"loc":{"start":{"line":23,"column":22},"end":{"line":25,"column":5}}},"4":{"name":"(anonymous_4)","decl":{"start":{"line":24,"column":37},"end":{"line":24,"column":42}},"loc":{"start":{"line":24,"column":46},"end":{"line":24,"column":61}}},"5":{"name":"(anonymous_5)","decl":{"start":{"line":27,"column":4},"end":{"line":27,"column":19}},"loc":{"start":{"line":27,"column":19},"end":{"line":29,"column":5}}},"6":{"name":"(anonymous_6)","decl":{"start":{"line":31,"column":4},"end":{"line":31,"column":15}},"loc":{"start":{"line":31,"column":15},"end":{"line":33,"column":5}}},"7":{"name":"(anonymous_7)","decl":{"start":{"line":37,"column":4},"end":{"line":37,"column":12}},"loc":{"start":{"line":37,"column":22},"end":{"line":40,"column":5}}},"8":{"name":"(anonymous_8)","decl":{"start":{"line":52,"column":0},"end":{"line":52,"column":13}},"loc":{"start":{"line":52,"column":0},"end":{"line":62,"column":1}}},"9":{"name":"(anonymous_9)","decl":{"start":{"line":59,"column":2},"end":{"line":59,"column":10}},"loc":{"start":{"line":59,"column":23},"end":{"line":61,"column":3}}},"10":{"name":"(anonymous_10)","decl":{"start":{"line":60,"column":23},"end":{"line":60,"column":27}},"loc":{"start":{"line":60,"column":31},"end":{"line":60,"column":51}}},"11":{"name":"(anonymous_11)","decl":{"start":{"line":76,"column":2},"end":{"line":76,"column":18}},"loc":{"start":{"line":76,"column":18},"end":{"line":78,"column":3}}},"12":{"name":"(anonymous_12)","decl":{"start":{"line":79,"column":2},"end":{"line":79,"column":10}},"loc":{"start":{"line":79,"column":23},"end":{"line":85,"column":3}}},"13":{"name":"(anonymous_13)","decl":{"start":{"line":88,"column":9},"end":{"line":88,"column":17}},"loc":{"start":{"line":88,"column":30},"end":{"line":92,"column":5}}},"14":{"name":"(anonymous_14)","decl":{"start":{"line":95,"column":4},"end":{"line":95,"column":12}},"loc":{"start":{"line":95,"column":26},"end":{"line":99,"column":5}}},"15":{"name":"(anonymous_15)","decl":{"start":{"line":108,"column":11},"end":{"line":108,"column":21}},"loc":{"start":{"line":108,"column":37},"end":{"line":110,"column":5}}},"16":{"name":"(anonymous_16)","decl":{"start":{"line":109,"column":30},"end":{"line":109,"column":31}},"loc":{"start":{"line":109,"column":48},"end":{"line":109,"column":67}}},"17":{"name":"(anonymous_17)","decl":{"start":{"line":113,"column":11},"end":{"line":113,"column":29}},"loc":{"start":{"line":113,"column":45},"end":{"line":115,"column":5}}}},"branchMap":{"0":{"loc":{"start":{"line":80,"column":4},"end":{"line":84,"column":5}},"type":"if","locations":[{"start":{"line":80,"column":4},"end":{"line":84,"column":5}},{"start":{},"end":{}}]},"1":{"loc":{"start":{"line":89,"column":8},"end":{"line":91,"column":9}},"type":"if","locations":[{"start":{"line":89,"column":8},"end":{"line":91,"column":9}},{"start":{},"end":{}}]},"2":{"loc":{"start":{"line":96,"column":8},"end":{"line":98,"column":9}},"type":"if","locations":[{"start":{"line":96,"column":8},"end":{"line":98,"column":9}},{"start":{},"end":{}}]},"3":{"loc":{"start":{"line":114,"column":15},"end":{"line":114,"column":77}},"type":"cond-expr","locations":[{"start":{"line":114,"column":37},"end":{"line":114,"column":38}},{"start":{"line":114,"column":40},"end":{"line":114,"column":77}}]}},"s":{"0":4,"1":4,"2":4,"3":2,"4":6,"5":6,"6":6,"7":2,"8":2,"9":1,"10":1,"11":1,"12":1,"13":1,"14":1,"15":2,"16":6,"17":18,"18":1,"19":1,"20":6,"21":0,"22":1,"23":1,"24":7,"25":1,"26":1,"27":7,"28":1,"29":1,"30":4,"31":8,"32":2,"33":1},"f":{"0":4,"1":2,"2":6,"3":2,"4":2,"5":1,"6":1,"7":1,"8":2,"9":6,"10":18,"11":1,"12":6,"13":7,"14":7,"15":4,"16":8,"17":2},"b":{"0":[0,6],"1":[1,6],"2":[1,6],"3":[0,2]}}
}
