TN:
SF:src\app.ts
FN:12,(anonymous_0)
FN:15,(anonymous_1)
FN:18,(anonymous_2)
FN:23,(anonymous_3)
FN:24,(anonymous_4)
FN:27,(anonymous_5)
FN:31,(anonymous_6)
FN:37,(anonymous_7)
FN:52,(anonymous_8)
FN:59,(anonymous_9)
FN:60,(anonymous_10)
FN:76,(anonymous_11)
FN:79,(anonymous_12)
FN:88,(anonymous_13)
FN:95,(anonymous_14)
FN:108,(anonymous_15)
FN:109,(anonymous_16)
FN:113,(anonymous_17)
FNF:18
FNH:18
FNDA:4,(anonymous_0)
FNDA:2,(anonymous_1)
FNDA:6,(anonymous_2)
FNDA:2,(anonymous_3)
FNDA:2,(anonymous_4)
FNDA:1,(anonymous_5)
FNDA:1,(anonymous_6)
FNDA:1,(anonymous_7)
FNDA:2,(anonymous_8)
FNDA:6,(anonymous_9)
FNDA:18,(anonymous_10)
FNDA:1,(anonymous_11)
FNDA:6,(anonymous_12)
FNDA:7,(anonymous_13)
FNDA:7,(anonymous_14)
FNDA:4,(anonymous_15)
FNDA:8,(anonymous_16)
FNDA:2,(anonymous_17)
DA:9,1
DA:11,4
DA:12,4
DA:16,2
DA:19,6
DA:20,6
DA:21,6
DA:24,2
DA:28,1
DA:32,1
DA:36,1
DA:38,1
DA:39,1
DA:52,1
DA:53,2
DA:60,18
DA:64,1
DA:65,1
DA:77,1
DA:80,6
DA:81,0
DA:87,1
DA:89,7
DA:90,1
DA:94,1
DA:96,7
DA:97,1
DA:107,1
DA:109,8
DA:114,2
LF:30
LH:29
BRDA:80,0,0,0
BRDA:80,0,1,6
BRDA:89,1,0,1
BRDA:89,1,1,6
BRDA:96,2,0,1
BRDA:96,2,1,6
BRDA:114,3,0,0
BRDA:114,3,1,2
BRF:8
BRH:6
end_of_record
